Archive:  data/org/g250_clc12_V18_5a.zip
  inflating: data/org/g250_clc12_V18_5a/CLC_country_coverage_v18_5.pdf  
  inflating: data/org/g250_clc12_V18_5a/g250_clc12_V18_5.aux  
  inflating: data/org/g250_clc12_V18_5a/g250_clc12_V18_5.tfw  
  inflating: data/org/g250_clc12_V18_5a/g250_clc12_V18_5.tif  
  inflating: data/org/g250_clc12_V18_5a/g250_clc12_V18_5.tif.aux.xml  
  inflating: data/org/g250_clc12_V18_5a/g250_clc12_V18_5.tif.ovr  
  inflating: data/org/g250_clc12_V18_5a/g250_clc12_V18_5.tif.vat.dbf  
  inflating: data/org/g250_clc12_V18_5a/g250_clc12_V18_5.tif.vat.dbf.xml  
  inflating: data/org/g250_clc12_V18_5a/g250_clc12_V18_5.tif.xml  
  inflating: data/org/g250_clc12_V18_5a/g250_clc_12_18_5a_raster.xml  
  inflating: data/org/g250_clc12_V18_5a/Legend/clc_legend.avl  
  inflating: data/org/g250_clc12_V18_5a/Legend/CLC_legend.clr  
  inflating: data/org/g250_clc12_V18_5a/Legend/clc_legend.csv  
  inflating: data/org/g250_clc12_V18_5a/Legend/clc_legend.dbf  
  inflating: data/org/g250_clc12_V18_5a/Legend/clc_legend.lyr  
  inflating: data/org/g250_clc12_V18_5a/Legend/clc_legend.qml  
  inflating: data/org/g250_clc12_V18_5a/Legend/clc_legend.sld  
  inflating: data/org/g250_clc12_V18_5a/Legend/clc_legend.txt  
  inflating: data/org/g250_clc12_V18_5a/Legend/clc_legend.xls  
  inflating: data/org/g250_clc12_V18_5a/Legend/clc_legend_qgis.txt  
  inflating: data/org/g250_clc12_V18_5a/readme_V18_5.txt  
  inflating: data/org/g250_clc12_V18_5a/readme_V18_5_clc12.txt  
  inflating: data/org/g250_clc12_V18_5a/readme_V18_5_raster_250m.txt  
